<?xml version="1.0" encoding="UTF-8"?>
<coverage generated="1723566051621" clover="3.2.0">
  <project timestamp="1723566051621" name="All files">
    <metrics statements="22" coveredstatements="19" conditionals="3" coveredconditionals="2" methods="1" coveredmethods="1" elements="26" coveredelements="22" complexity="0" loc="22" ncloc="22" packages="1" files="1" classes="1"/>
    <file name="rotateElement.js" path="C:\Users\SHAHAB ANDALEEB\Desktop\js testing\rotateElement.js">
      <metrics statements="22" coveredstatements="19" conditionals="3" coveredconditionals="2" methods="1" coveredmethods="1"/>
      <line num="1" count="1" type="stmt"/>
      <line num="2" count="1" type="stmt"/>
      <line num="3" count="1" type="cond" truecount="1" falsecount="0"/>
      <line num="4" count="2" type="stmt"/>
      <line num="5" count="2" type="cond" truecount="0" falsecount="1"/>
      <line num="6" count="0" type="stmt"/>
      <line num="7" count="0" type="stmt"/>
      <line num="8" count="0" type="stmt"/>
      <line num="9" count="2" type="stmt"/>
      <line num="10" count="2" type="stmt"/>
      <line num="11" count="2" type="stmt"/>
      <line num="12" count="2" type="cond" truecount="1" falsecount="0"/>
      <line num="13" count="6" type="stmt"/>
      <line num="14" count="6" type="stmt"/>
      <line num="15" count="2" type="stmt"/>
      <line num="16" count="2" type="stmt"/>
      <line num="17" count="2" type="stmt"/>
      <line num="18" count="2" type="stmt"/>
      <line num="19" count="2" type="stmt"/>
      <line num="20" count="1" type="stmt"/>
      <line num="21" count="1" type="stmt"/>
      <line num="22" count="1" type="stmt"/>
    </file>
  </project>
</coverage>
